Analysis & Synthesis report for main
Wed Aug 10 00:04:55 2022
Quartus Prime Version 20.1.0 Build 711 06/05/2020 SJ Lite Edition


---------------------
; Table of Contents ;
---------------------
  1. Legal Notice
  2. Analysis & Synthesis Summary
  3. Analysis & Synthesis Settings
  4. Parallel Compilation
  5. Analysis & Synthesis Source Files Read
  6. Analysis & Synthesis Resource Usage Summary
  7. Analysis & Synthesis Resource Utilization by Entity
  8. State Machine - |main|state
  9. State Machine - |main|UART_Tx:TX1|state
 10. State Machine - |main|ADC128S022_DRIVER:ADC1|state
 11. Registers Removed During Synthesis
 12. General Register Statistics
 13. Inverted Register Statistics
 14. Multiplexer Restructuring Statistics (Restructuring Performed)
 15. Parameter Settings for User Entity Instance: Top-level Entity: |main
 16. Parameter Settings for User Entity Instance: ADC128S022_DRIVER:ADC1
 17. Parameter Settings for User Entity Instance: UART_Tx:TX1
 18. Post-Synthesis Netlist Statistics for Top Partition
 19. Elapsed Time Per Partition
 20. Analysis & Synthesis Messages
 21. Analysis & Synthesis Suppressed Messages



----------------
; Legal Notice ;
----------------
Copyright (C) 2020  Intel Corporation. All rights reserved.
Your use of Intel Corporation's design tools, logic functions 
and other software and tools, and any partner logic 
functions, and any output files from any of the foregoing 
(including device programming or simulation files), and any 
associated documentation or information are expressly subject 
to the terms and conditions of the Intel Program License 
Subscription Agreement, the Intel Quartus Prime License Agreement,
the Intel FPGA IP License Agreement, or other applicable license
agreement, including, without limitation, that your use is for
the sole purpose of programming logic devices manufactured by
Intel and sold by Intel or its authorized distributors.  Please
refer to the applicable agreement for further details, at
https://fpgasoftware.intel.com/eula.



+----------------------------------------------------------------------------------+
; Analysis & Synthesis Summary                                                     ;
+------------------------------------+---------------------------------------------+
; Analysis & Synthesis Status        ; Successful - Wed Aug 10 00:04:55 2022       ;
; Quartus Prime Version              ; 20.1.0 Build 711 06/05/2020 SJ Lite Edition ;
; Revision Name                      ; main                                        ;
; Top-level Entity Name              ; main                                        ;
; Family                             ; Cyclone IV E                                ;
; Total logic elements               ; 198                                         ;
;     Total combinational functions  ; 180                                         ;
;     Dedicated logic registers      ; 139                                         ;
; Total registers                    ; 139                                         ;
; Total pins                         ; 13                                          ;
; Total virtual pins                 ; 0                                           ;
; Total memory bits                  ; 0                                           ;
; Embedded Multiplier 9-bit elements ; 0                                           ;
; Total PLLs                         ; 0                                           ;
+------------------------------------+---------------------------------------------+


+------------------------------------------------------------------------------------------------------------+
; Analysis & Synthesis Settings                                                                              ;
+------------------------------------------------------------------+--------------------+--------------------+
; Option                                                           ; Setting            ; Default Value      ;
+------------------------------------------------------------------+--------------------+--------------------+
; Device                                                           ; EP4CE22F17C8       ;                    ;
; Top-level entity name                                            ; main               ; main               ;
; Family name                                                      ; Cyclone IV E       ; Cyclone V          ;
; Use smart compilation                                            ; Off                ; Off                ;
; Enable parallel Assembler and Timing Analyzer during compilation ; On                 ; On                 ;
; Enable compact report table                                      ; Off                ; Off                ;
; Restructure Multiplexers                                         ; Auto               ; Auto               ;
; Create Debugging Nodes for IP Cores                              ; Off                ; Off                ;
; Preserve fewer node names                                        ; On                 ; On                 ;
; Intel FPGA IP Evaluation Mode                                    ; Enable             ; Enable             ;
; Verilog Version                                                  ; Verilog_2001       ; Verilog_2001       ;
; VHDL Version                                                     ; VHDL_1993          ; VHDL_1993          ;
; State Machine Processing                                         ; Auto               ; Auto               ;
; Safe State Machine                                               ; Off                ; Off                ;
; Extract Verilog State Machines                                   ; On                 ; On                 ;
; Extract VHDL State Machines                                      ; On                 ; On                 ;
; Ignore Verilog initial constructs                                ; Off                ; Off                ;
; Iteration limit for constant Verilog loops                       ; 5000               ; 5000               ;
; Iteration limit for non-constant Verilog loops                   ; 250                ; 250                ;
; Add Pass-Through Logic to Inferred RAMs                          ; On                 ; On                 ;
; Infer RAMs from Raw Logic                                        ; On                 ; On                 ;
; Parallel Synthesis                                               ; On                 ; On                 ;
; DSP Block Balancing                                              ; Auto               ; Auto               ;
; NOT Gate Push-Back                                               ; On                 ; On                 ;
; Power-Up Don't Care                                              ; On                 ; On                 ;
; Remove Redundant Logic Cells                                     ; Off                ; Off                ;
; Remove Duplicate Registers                                       ; On                 ; On                 ;
; Ignore CARRY Buffers                                             ; Off                ; Off                ;
; Ignore CASCADE Buffers                                           ; Off                ; Off                ;
; Ignore GLOBAL Buffers                                            ; Off                ; Off                ;
; Ignore ROW GLOBAL Buffers                                        ; Off                ; Off                ;
; Ignore LCELL Buffers                                             ; Off                ; Off                ;
; Ignore SOFT Buffers                                              ; On                 ; On                 ;
; Limit AHDL Integers to 32 Bits                                   ; Off                ; Off                ;
; Optimization Technique                                           ; Balanced           ; Balanced           ;
; Carry Chain Length                                               ; 70                 ; 70                 ;
; Auto Carry Chains                                                ; On                 ; On                 ;
; Auto Open-Drain Pins                                             ; On                 ; On                 ;
; Perform WYSIWYG Primitive Resynthesis                            ; Off                ; Off                ;
; Auto ROM Replacement                                             ; On                 ; On                 ;
; Auto RAM Replacement                                             ; On                 ; On                 ;
; Auto DSP Block Replacement                                       ; On                 ; On                 ;
; Auto Shift Register Replacement                                  ; Auto               ; Auto               ;
; Allow Shift Register Merging across Hierarchies                  ; Auto               ; Auto               ;
; Auto Clock Enable Replacement                                    ; On                 ; On                 ;
; Strict RAM Replacement                                           ; Off                ; Off                ;
; Allow Synchronous Control Signals                                ; On                 ; On                 ;
; Force Use of Synchronous Clear Signals                           ; Off                ; Off                ;
; Auto RAM Block Balancing                                         ; On                 ; On                 ;
; Auto RAM to Logic Cell Conversion                                ; Off                ; Off                ;
; Auto Resource Sharing                                            ; Off                ; Off                ;
; Allow Any RAM Size For Recognition                               ; Off                ; Off                ;
; Allow Any ROM Size For Recognition                               ; Off                ; Off                ;
; Allow Any Shift Register Size For Recognition                    ; Off                ; Off                ;
; Use LogicLock Constraints during Resource Balancing              ; On                 ; On                 ;
; Ignore translate_off and synthesis_off directives                ; Off                ; Off                ;
; Timing-Driven Synthesis                                          ; On                 ; On                 ;
; Report Parameter Settings                                        ; On                 ; On                 ;
; Report Source Assignments                                        ; On                 ; On                 ;
; Report Connectivity Checks                                       ; On                 ; On                 ;
; Ignore Maximum Fan-Out Assignments                               ; Off                ; Off                ;
; Synchronization Register Chain Length                            ; 2                  ; 2                  ;
; Power Optimization During Synthesis                              ; Normal compilation ; Normal compilation ;
; HDL message level                                                ; Level2             ; Level2             ;
; Suppress Register Optimization Related Messages                  ; Off                ; Off                ;
; Number of Removed Registers Reported in Synthesis Report         ; 5000               ; 5000               ;
; Number of Swept Nodes Reported in Synthesis Report               ; 5000               ; 5000               ;
; Number of Inverted Registers Reported in Synthesis Report        ; 100                ; 100                ;
; Clock MUX Protection                                             ; On                 ; On                 ;
; Auto Gated Clock Conversion                                      ; Off                ; Off                ;
; Block Design Naming                                              ; Auto               ; Auto               ;
; SDC constraint protection                                        ; Off                ; Off                ;
; Synthesis Effort                                                 ; Auto               ; Auto               ;
; Shift Register Replacement - Allow Asynchronous Clear Signal     ; On                 ; On                 ;
; Pre-Mapping Resynthesis Optimization                             ; Off                ; Off                ;
; Analysis & Synthesis Message Level                               ; Medium             ; Medium             ;
; Disable Register Merging Across Hierarchies                      ; Auto               ; Auto               ;
; Resource Aware Inference For Block RAM                           ; On                 ; On                 ;
+------------------------------------------------------------------+--------------------+--------------------+


+------------------------------------------+
; Parallel Compilation                     ;
+----------------------------+-------------+
; Processors                 ; Number      ;
+----------------------------+-------------+
; Number detected on machine ; 8           ;
; Maximum allowed            ; 4           ;
;                            ;             ;
; Average used               ; 1.00        ;
; Maximum used               ; 4           ;
;                            ;             ;
; Usage by Processor         ; % Time Used ;
;     Processor 1            ; 100.0%      ;
;     Processors 2-4         ;   0.0%      ;
+----------------------------+-------------+


+--------------------------------------------------------------------------------------------------------------------------------------------------------+
; Analysis & Synthesis Source Files Read                                                                                                                 ;
+----------------------------------+-----------------+------------------------------+----------------------------------------------------------+---------+
; File Name with User-Entered Path ; Used in Netlist ; File Type                    ; File Name with Absolute Path                             ; Library ;
+----------------------------------+-----------------+------------------------------+----------------------------------------------------------+---------+
; main.v                           ; yes             ; User Verilog HDL File        ; D:/Job/project_quartus/One_pixe_test/main.v              ;         ;
; adc128s022_driver.v              ; yes             ; Auto-Found Verilog HDL File  ; D:/Job/project_quartus/One_pixe_test/adc128s022_driver.v ;         ;
; uart_tx.v                        ; yes             ; Auto-Found Verilog HDL File  ; D:/Job/project_quartus/One_pixe_test/uart_tx.v           ;         ;
+----------------------------------+-----------------+------------------------------+----------------------------------------------------------+---------+


+------------------------------------------------------------+
; Analysis & Synthesis Resource Usage Summary                ;
+---------------------------------------------+--------------+
; Resource                                    ; Usage        ;
+---------------------------------------------+--------------+
; Estimated Total logic elements              ; 198          ;
;                                             ;              ;
; Total combinational functions               ; 180          ;
; Logic element usage by number of LUT inputs ;              ;
;     -- 4 input functions                    ; 59           ;
;     -- 3 input functions                    ; 32           ;
;     -- <=2 input functions                  ; 89           ;
;                                             ;              ;
; Logic elements by mode                      ;              ;
;     -- normal mode                          ; 104          ;
;     -- arithmetic mode                      ; 76           ;
;                                             ;              ;
; Total registers                             ; 139          ;
;     -- Dedicated logic registers            ; 139          ;
;     -- I/O registers                        ; 0            ;
;                                             ;              ;
; I/O pins                                    ; 13           ;
;                                             ;              ;
; Embedded Multiplier 9-bit elements          ; 0            ;
;                                             ;              ;
; Maximum fan-out node                        ; clk_in~input ;
; Maximum fan-out                             ; 115          ;
; Total fan-out                               ; 939          ;
; Average fan-out                             ; 2.72         ;
+---------------------------------------------+--------------+


+--------------------------------------------------------------------------------------------------------------------------------------------------------------------------------------------------------------------------+
; Analysis & Synthesis Resource Utilization by Entity                                                                                                                                                                      ;
+-----------------------------+---------------------+---------------------------+-------------+--------------+---------+-----------+------+--------------+------------------------------+-------------------+--------------+
; Compilation Hierarchy Node  ; Combinational ALUTs ; Dedicated Logic Registers ; Memory Bits ; DSP Elements ; DSP 9x9 ; DSP 18x18 ; Pins ; Virtual Pins ; Full Hierarchy Name          ; Entity Name       ; Library Name ;
+-----------------------------+---------------------+---------------------------+-------------+--------------+---------+-----------+------+--------------+------------------------------+-------------------+--------------+
; |main                       ; 180 (85)            ; 139 (59)                  ; 0           ; 0            ; 0       ; 0         ; 13   ; 0            ; |main                        ; main              ; work         ;
;    |ADC128S022_DRIVER:ADC1| ; 34 (34)             ; 40 (40)                   ; 0           ; 0            ; 0       ; 0         ; 0    ; 0            ; |main|ADC128S022_DRIVER:ADC1 ; ADC128S022_DRIVER ; work         ;
;    |UART_Tx:TX1|            ; 61 (61)             ; 40 (40)                   ; 0           ; 0            ; 0       ; 0         ; 0    ; 0            ; |main|UART_Tx:TX1            ; UART_Tx           ; work         ;
+-----------------------------+---------------------+---------------------------+-------------+--------------+---------+-----------+------+--------------+------------------------------+-------------------+--------------+
Note: For table entries with two numbers listed, the numbers in parentheses indicate the number of resources of the given type used by the specific entity alone. The numbers listed outside of parentheses indicate the total resources of the given type used by the specific entity and all of its sub-entities in the hierarchy.


Encoding Type:  One-Hot
+--------------------------------------------------------------------------------------------------------------------------------------------------------------------------------------------------------------------------------------------------+
; State Machine - |main|state                                                                                                                                                                                                                      ;
+-------------------------------+------------+--------------------------+-----------------+--------------------------+-------------------------------+-----------+---------------+-----------------+----------------+-------------+----------------+
; Name                          ; state.STOP ; state.TRANSMITION_2_HALF ; state.RELOAD_TX ; state.TRANSMITION_1_HALF ; state.WAIT_READY_CONVERTATION ; state.ADC ; state.HOLD_IV ; state.RECORDING ; state.RESET_IV ; state.START ; state.00000000 ;
+-------------------------------+------------+--------------------------+-----------------+--------------------------+-------------------------------+-----------+---------------+-----------------+----------------+-------------+----------------+
; state.00000000                ; 0          ; 0                        ; 0               ; 0                        ; 0                             ; 0         ; 0             ; 0               ; 0              ; 0           ; 0              ;
; state.START                   ; 0          ; 0                        ; 0               ; 0                        ; 0                             ; 0         ; 0             ; 0               ; 0              ; 1           ; 1              ;
; state.RESET_IV                ; 0          ; 0                        ; 0               ; 0                        ; 0                             ; 0         ; 0             ; 0               ; 1              ; 0           ; 1              ;
; state.RECORDING               ; 0          ; 0                        ; 0               ; 0                        ; 0                             ; 0         ; 0             ; 1               ; 0              ; 0           ; 1              ;
; state.HOLD_IV                 ; 0          ; 0                        ; 0               ; 0                        ; 0                             ; 0         ; 1             ; 0               ; 0              ; 0           ; 1              ;
; state.ADC                     ; 0          ; 0                        ; 0               ; 0                        ; 0                             ; 1         ; 0             ; 0               ; 0              ; 0           ; 1              ;
; state.WAIT_READY_CONVERTATION ; 0          ; 0                        ; 0               ; 0                        ; 1                             ; 0         ; 0             ; 0               ; 0              ; 0           ; 1              ;
; state.TRANSMITION_1_HALF      ; 0          ; 0                        ; 0               ; 1                        ; 0                             ; 0         ; 0             ; 0               ; 0              ; 0           ; 1              ;
; state.RELOAD_TX               ; 0          ; 0                        ; 1               ; 0                        ; 0                             ; 0         ; 0             ; 0               ; 0              ; 0           ; 1              ;
; state.TRANSMITION_2_HALF      ; 0          ; 1                        ; 0               ; 0                        ; 0                             ; 0         ; 0             ; 0               ; 0              ; 0           ; 1              ;
; state.STOP                    ; 1          ; 0                        ; 0               ; 0                        ; 0                             ; 0         ; 0             ; 0               ; 0              ; 0           ; 1              ;
+-------------------------------+------------+--------------------------+-----------------+--------------------------+-------------------------------+-----------+---------------+-----------------+----------------+-------------+----------------+


Encoding Type:  One-Hot
+-------------------------------------------------------------------------------------------------------------------+
; State Machine - |main|UART_Tx:TX1|state                                                                           ;
+---------------------+-------------------+--------------------+-----------------+------------+---------------------+
; Name                ; state.DEC_BIT_CNT ; state.SET_DATA_BIT ; state.START_BIT ; state.IDLE ; state.STOP_TRANSMIT ;
+---------------------+-------------------+--------------------+-----------------+------------+---------------------+
; state.IDLE          ; 0                 ; 0                  ; 0               ; 0          ; 0                   ;
; state.START_BIT     ; 0                 ; 0                  ; 1               ; 1          ; 0                   ;
; state.SET_DATA_BIT  ; 0                 ; 1                  ; 0               ; 1          ; 0                   ;
; state.DEC_BIT_CNT   ; 1                 ; 0                  ; 0               ; 1          ; 0                   ;
; state.STOP_TRANSMIT ; 0                 ; 0                  ; 0               ; 1          ; 1                   ;
+---------------------+-------------------+--------------------+-----------------+------------+---------------------+


Encoding Type:  One-Hot
+-------------------------------------------------------------------------------------------------------------+
; State Machine - |main|ADC128S022_DRIVER:ADC1|state                                                          ;
+----------------------+-------------------+----------------------+-------------+----------------+------------+
; Name                 ; state.REVERSE_CLK ; state.START_GENERATE ; state.START ; state.00000000 ; state.STOP ;
+----------------------+-------------------+----------------------+-------------+----------------+------------+
; state.00000000       ; 0                 ; 0                    ; 0           ; 0              ; 0          ;
; state.START          ; 0                 ; 0                    ; 1           ; 1              ; 0          ;
; state.START_GENERATE ; 0                 ; 1                    ; 0           ; 1              ; 0          ;
; state.REVERSE_CLK    ; 1                 ; 0                    ; 0           ; 1              ; 0          ;
; state.STOP           ; 0                 ; 0                    ; 0           ; 1              ; 1          ;
+----------------------+-------------------+----------------------+-------------+----------------+------------+


+---------------------------------------------------------------------------------+
; Registers Removed During Synthesis                                              ;
+----------------------------------------+----------------------------------------+
; Register name                          ; Reason for Removal                     ;
+----------------------------------------+----------------------------------------+
; Hz[0..5,10]                            ; Stuck at GND due to stuck port data_in ;
; Hz[14]                                 ; Stuck at VCC due to stuck port data_in ;
; Hz[16]                                 ; Stuck at GND due to stuck port data_in ;
; Hz[19,22]                              ; Stuck at VCC due to stuck port data_in ;
; Hz[24,26..32]                          ; Stuck at GND due to stuck port data_in ;
; ADC128S022_DRIVER:ADC1|ADC_SADDR       ; Stuck at GND due to stuck port data_in ;
; Hz[6..9,12,13,15,17,18,20,21,23,25]    ; Merged with Hz[11]                     ;
; state~4                                ; Lost fanout                            ;
; state~5                                ; Lost fanout                            ;
; state~6                                ; Lost fanout                            ;
; state~7                                ; Lost fanout                            ;
; state~8                                ; Lost fanout                            ;
; state~9                                ; Lost fanout                            ;
; state~10                               ; Lost fanout                            ;
; state~11                               ; Lost fanout                            ;
; UART_Tx:TX1|state~4                    ; Lost fanout                            ;
; UART_Tx:TX1|state~5                    ; Lost fanout                            ;
; UART_Tx:TX1|state~7                    ; Lost fanout                            ;
; UART_Tx:TX1|state~8                    ; Lost fanout                            ;
; UART_Tx:TX1|state~9                    ; Lost fanout                            ;
; UART_Tx:TX1|state~10                   ; Lost fanout                            ;
; UART_Tx:TX1|state~11                   ; Lost fanout                            ;
; ADC128S022_DRIVER:ADC1|state~4         ; Lost fanout                            ;
; ADC128S022_DRIVER:ADC1|state~5         ; Lost fanout                            ;
; ADC128S022_DRIVER:ADC1|state~7         ; Lost fanout                            ;
; ADC128S022_DRIVER:ADC1|state~8         ; Lost fanout                            ;
; ADC128S022_DRIVER:ADC1|state~9         ; Lost fanout                            ;
; ADC128S022_DRIVER:ADC1|state~10        ; Lost fanout                            ;
; ADC128S022_DRIVER:ADC1|state~11        ; Lost fanout                            ;
; Total Number of Removed Registers = 55 ;                                        ;
+----------------------------------------+----------------------------------------+


+------------------------------------------------------+
; General Register Statistics                          ;
+----------------------------------------------+-------+
; Statistic                                    ; Value ;
+----------------------------------------------+-------+
; Total registers                              ; 139   ;
; Number of registers using Synchronous Clear  ; 76    ;
; Number of registers using Synchronous Load   ; 0     ;
; Number of registers using Asynchronous Clear ; 29    ;
; Number of registers using Asynchronous Load  ; 0     ;
; Number of registers using Clock Enable       ; 32    ;
; Number of registers using Preset             ; 0     ;
+----------------------------------------------+-------+


+--------------------------------------------------+
; Inverted Register Statistics                     ;
+----------------------------------------+---------+
; Inverted Register                      ; Fan out ;
+----------------------------------------+---------+
; Hold_IV~reg0                           ; 2       ;
; Reset_IV~reg0                          ; 2       ;
; ADC_start_convert~reg0                 ; 3       ;
; ADC128S022_DRIVER:ADC1|ADC_SCLK        ; 26      ;
; ADC128S022_DRIVER:ADC1|ADC_CS_N        ; 5       ;
; UART_Tx:TX1|Tx_out                     ; 2       ;
; Hz[11]                                 ; 7       ;
; launch_Tx                              ; 2       ;
; Total number of inverted registers = 8 ;         ;
+----------------------------------------+---------+


+---------------------------------------------------------------------------------------------------------------------------------------------------+
; Multiplexer Restructuring Statistics (Restructuring Performed)                                                                                    ;
+--------------------+-----------+---------------+----------------------+------------------------+------------+-------------------------------------+
; Multiplexer Inputs ; Bus Width ; Baseline Area ; Area if Restructured ; Saving if Restructured ; Registered ; Example Multiplexer Output          ;
+--------------------+-----------+---------------+----------------------+------------------------+------------+-------------------------------------+
; 3:1                ; 8 bits    ; 16 LEs        ; 8 LEs                ; 8 LEs                  ; Yes        ; |main|data_for_transmit[1]          ;
; 3:1                ; 8 bits    ; 16 LEs        ; 8 LEs                ; 8 LEs                  ; Yes        ; |main|UART_Tx:TX1|bit_cnt[7]        ;
; 3:1                ; 25 bits   ; 50 LEs        ; 25 LEs               ; 25 LEs                 ; Yes        ; |main|UART_Tx:TX1|cnt[1]            ;
; 3:1                ; 8 bits    ; 16 LEs        ; 8 LEs                ; 8 LEs                  ; Yes        ; |main|ADC128S022_DRIVER:ADC1|cnt[0] ;
+--------------------+-----------+---------------+----------------------+------------------------+------------+-------------------------------------+


+----------------------------------------------------------------------+
; Parameter Settings for User Entity Instance: Top-level Entity: |main ;
+----------------+----------+------------------------------------------+
; Parameter Name ; Value    ; Type                                     ;
+----------------+----------+------------------------------------------+
; divider        ; 2000     ; Signed Integer                           ;
; t_frame_1sec   ; 50000000 ; Signed Integer                           ;
; t_frame_0_1sec ; 5000000  ; Signed Integer                           ;
+----------------+----------+------------------------------------------+
Note: In order to hide this table in the UI and the text report file, please set the "Show Parameter Settings in Synthesis Report" option in "Analysis and Synthesis Settings -> More Settings" to "Off".


+---------------------------------------------------------------------+
; Parameter Settings for User Entity Instance: ADC128S022_DRIVER:ADC1 ;
+----------------+-------+--------------------------------------------+
; Parameter Name ; Value ; Type                                       ;
+----------------+-------+--------------------------------------------+
; divider_clk    ; 16    ; Signed Integer                             ;
; quantity_clk   ; 16    ; Signed Integer                             ;
+----------------+-------+--------------------------------------------+
Note: In order to hide this table in the UI and the text report file, please set the "Show Parameter Settings in Synthesis Report" option in "Analysis and Synthesis Settings -> More Settings" to "Off".


+----------------------------------------------------------+
; Parameter Settings for User Entity Instance: UART_Tx:TX1 ;
+----------------+----------+------------------------------+
; Parameter Name ; Value    ; Type                         ;
+----------------+----------+------------------------------+
; Fclk           ; 50000000 ; Signed Integer               ;
; Fuart          ; 9600     ; Signed Integer               ;
; divider        ; 5208     ; Signed Integer               ;
+----------------+----------+------------------------------+
Note: In order to hide this table in the UI and the text report file, please set the "Show Parameter Settings in Synthesis Report" option in "Analysis and Synthesis Settings -> More Settings" to "Off".


+-----------------------------------------------------+
; Post-Synthesis Netlist Statistics for Top Partition ;
+-----------------------+-----------------------------+
; Type                  ; Count                       ;
+-----------------------+-----------------------------+
; boundary_port         ; 13                          ;
; cycloneiii_ff         ; 139                         ;
;     CLR               ; 29                          ;
;     ENA               ; 24                          ;
;     ENA SCLR          ; 8                           ;
;     SCLR              ; 68                          ;
;     plain             ; 10                          ;
; cycloneiii_lcell_comb ; 187                         ;
;     arith             ; 76                          ;
;         2 data inputs ; 72                          ;
;         3 data inputs ; 4                           ;
;     normal            ; 111                         ;
;         0 data inputs ; 1                           ;
;         1 data inputs ; 12                          ;
;         2 data inputs ; 11                          ;
;         3 data inputs ; 28                          ;
;         4 data inputs ; 59                          ;
;                       ;                             ;
; Max LUT depth         ; 5.00                        ;
; Average LUT depth     ; 2.86                        ;
+-----------------------+-----------------------------+


+-------------------------------+
; Elapsed Time Per Partition    ;
+----------------+--------------+
; Partition Name ; Elapsed Time ;
+----------------+--------------+
; Top            ; 00:00:00     ;
+----------------+--------------+


+-------------------------------+
; Analysis & Synthesis Messages ;
+-------------------------------+
Info: *******************************************************************
Info: Running Quartus Prime Analysis & Synthesis
    Info: Version 20.1.0 Build 711 06/05/2020 SJ Lite Edition
    Info: Processing started: Wed Aug 10 00:04:48 2022
Info: Command: quartus_map --read_settings_files=on --write_settings_files=off main -c main
Warning (18236): Number of processors has not been specified which may cause overloading on shared machines.  Set the global assignment NUM_PARALLEL_PROCESSORS in your QSF to an appropriate value for best performance.
Info (20030): Parallel compilation is enabled and will use 4 of the 4 processors detected
Info (12021): Found 1 design units, including 1 entities, in source file main.v
    Info (12023): Found entity 1: main File: D:/Job/project_quartus/One_pixe_test/main.v Line: 10
Info (12127): Elaborating entity "main" for the top level hierarchy
Warning (12125): Using design file adc128s022_driver.v, which is not specified as a design file for the current project, but contains definitions for 1 design units and 1 entities in project
    Info (12023): Found entity 1: ADC128S022_DRIVER File: D:/Job/project_quartus/One_pixe_test/adc128s022_driver.v Line: 10
Info (12128): Elaborating entity "ADC128S022_DRIVER" for hierarchy "ADC128S022_DRIVER:ADC1" File: D:/Job/project_quartus/One_pixe_test/main.v Line: 336
Warning (10230): Verilog HDL assignment warning at adc128s022_driver.v(182): truncated value with size 17 to match size of target (16) File: D:/Job/project_quartus/One_pixe_test/adc128s022_driver.v Line: 182
Warning (12125): Using design file uart_tx.v, which is not specified as a design file for the current project, but contains definitions for 1 design units and 1 entities in project
    Info (12023): Found entity 1: UART_Tx File: D:/Job/project_quartus/One_pixe_test/uart_tx.v Line: 9
Info (12128): Elaborating entity "UART_Tx" for hierarchy "UART_Tx:TX1" File: D:/Job/project_quartus/One_pixe_test/main.v Line: 341
Warning (13024): Output pins are stuck at VCC or GND
    Warning (13410): Pin "ADC_SADDR" is stuck at GND File: D:/Job/project_quartus/One_pixe_test/main.v Line: 14
Info (286030): Timing-Driven Synthesis is running
Info (17049): 22 registers lost all their fanouts during netlist optimizations.
Info (144001): Generated suppressed messages file D:/Job/project_quartus/One_pixe_test/output_files/main.map.smsg
Info (16010): Generating hard_block partition "hard_block:auto_generated_inst"
    Info (16011): Adding 0 node(s), including 0 DDIO, 0 PLL, 0 transceiver and 0 LCELL
Info (21057): Implemented 212 device resources after synthesis - the final resource count might be different
    Info (21058): Implemented 5 input pins
    Info (21059): Implemented 8 output pins
    Info (21061): Implemented 199 logic cells
Info: Quartus Prime Analysis & Synthesis was successful. 0 errors, 6 warnings
    Info: Peak virtual memory: 4751 megabytes
    Info: Processing ended: Wed Aug 10 00:04:55 2022
    Info: Elapsed time: 00:00:07
    Info: Total CPU time (on all processors): 00:00:15


+------------------------------------------+
; Analysis & Synthesis Suppressed Messages ;
+------------------------------------------+
The suppressed messages can be found in D:/Job/project_quartus/One_pixe_test/output_files/main.map.smsg.


